#
# A fatal error has been detected by the Java Runtime Environment:
#
#  EXCEPTION_ACCESS_VIOLATION (0xc0000005) at pc=0x000000000241fd88, pid=3692, tid=7880
#
# JRE version: Java(TM) SE Runtime Environment (8.0_51-b16) (build 1.8.0_51-b16)
# Java VM: Java HotSpot(TM) 64-Bit Server VM (25.51-b03 mixed mode windows-amd64 compressed oops)
# Problematic frame:
# J 1384 C1 org.codehaus.groovy.reflection.GeneratedMetaMethod.getName()Ljava/lang/String; (5 bytes) @ 0x000000000241fd88 [0x000000000241fd60+0x28]
#
# Failed to write core dump. Minidumps are not enabled by default on client versions of Windows
#
# If you would like to submit a bug report, please visit:
#   http://bugreport.java.com/bugreport/crash.jsp
#

---------------  T H R E A D  ---------------

Current thread (0x0000000015b95000):  JavaThread "Daemon worker Thread 4" [_thread_in_Java, id=7880, stack(0x0000000018280000,0x0000000018380000)]

siginfo: ExceptionCode=0xc0000005, reading address 0xffffffffffffffff

Registers:
RAX=0x00000001001a2000, RBX=0x00000000184d4b60, RCX=0x0000000000000006, RDX=0x00000000c04aed48
RSP=0x000000001837a028, RBP=0x00000000eca23f40, RSI=0x00000000eca2b910, RDI=0x000000001bb09970
R8 =0x0000000000000007, R9 =0x00000000eca243d0, R10=0x00000000eca23f40, R11=0x0000000000000001
R12=0x0000000000000000, R13=0x00000000c04aed48, R14=0x00000000c04aef18, R15=0x0000000015b95000
RIP=0x000000000241fd88, EFLAGS=0x0000000000010246

Top of Stack: (sp=0x000000001837a028)
0x000000001837a028:   0000000003107e5c 000000408c627e19
0x000000001837a038:   00000000c03b8578 00000000eca24278
0x000000001837a048:   00000018eca24290 00000000c04aee68
0x000000001837a058:   c04aed4820034400 00000000eca243d0
0x000000001837a068:   00000001001a8688 00000000eca23f40
0x000000001837a078:   00000001001b6170 0000004000000020
0x000000001837a088:   00000000eca2b910 00000000eca2b0c0
0x000000001837a098:   0000000000000000 0000000000000000
0x000000001837a0a8:   00000000eca2b380 00000000c04aed48
0x000000001837a0b8:   0000000015b95000 0000000000000000
0x000000001837a0c8:   000000000307dea0 00000000eca24228
0x000000001837a0d8:   00000000eca24228 00000000c012ea30
0x000000001837a0e8:   00000000c03b8578 00000000eca2ab90
0x000000001837a0f8:   0000000000000001 0000000000000007
0x000000001837a108:   00000000c29b7028 00000000c2a1c440
0x000000001837a118:   0000000003043b4c 00000000c2a1c440 

Instructions: (pc=0x000000000241fd88)
0x000000000241fd68:   4c 3b d0 0f 85 ef 61 d3 ff 0f 1f 84 00 00 00 00
0x000000000241fd78:   00 0f 1f 80 00 00 00 00 89 84 24 00 a0 ff ff 55
0x000000000241fd88:   48 83 ec 30 8b 42 20 48 83 c4 30 5d 85 05 66 03
0x000000000241fd98:   19 fe c3 90 90 49 8b 87 a8 02 00 00 49 ba 00 00 


Register to memory mapping:

RAX=0x00000001001a2000 is pointing into metadata
RBX={method} {0x00000000184d4b68} 'getName' '()Ljava/lang/String;' in 'org/codehaus/groovy/reflection/GeneratedMetaMethod'
RCX=0x0000000000000006 is an unknown value
RDX=0x00000000c04aed48 is an oop
org.codehaus.groovy.reflection.GeneratedMetaMethod$Proxy 
 - klass: 'org/codehaus/groovy/reflection/GeneratedMetaMethod$Proxy'
RSP=0x000000001837a028 is pointing into the stack for thread: 0x0000000015b95000
RBP=0x00000000eca23f40 is an oop
groovy.lang.MetaClassImpl 
 - klass: 'groovy/lang/MetaClassImpl'
RSI=0x00000000eca2b910 is an oop
[Ljava.util.HashMap$Node; 
 - klass: 'java/util/HashMap$Node'[]
 - length: 64
RDI=0x000000001bb09970 is pointing into metadata
R8 =0x0000000000000007 is an unknown value
R9 =0x00000000eca243d0 is an oop
org.codehaus.groovy.runtime.metaclass.MetaMethodIndex$Header 
 - klass: 'org/codehaus/groovy/runtime/metaclass/MetaMethodIndex$Header'
R10=0x00000000eca23f40 is an oop
groovy.lang.MetaClassImpl 
 - klass: 'groovy/lang/MetaClassImpl'
R11=0x0000000000000001 is an unknown value
R12=0x0000000000000000 is an unknown value
R13=0x00000000c04aed48 is an oop
org.codehaus.groovy.reflection.GeneratedMetaMethod$Proxy 
 - klass: 'org/codehaus/groovy/reflection/GeneratedMetaMethod$Proxy'
R14=0x00000000c04aef18 is an oop
java.lang.String 
 - klass: 'java/lang/String'
R15=0x0000000015b95000 is a thread


Stack: [0x0000000018280000,0x0000000018380000],  sp=0x000000001837a028,  free space=1000k
Native frames: (J=compiled Java code, j=interpreted, Vv=VM code, C=native code)
C  0x000000000241fd88


---------------  P R O C E S S  ---------------

Java Threads: ( => current thread )
  0x0000000016ca6000 JavaThread "Stdin handler" [_thread_blocked, id=2616, stack(0x0000000018380000,0x0000000018480000)]
=>0x0000000015b95000 JavaThread "Daemon worker Thread 4" [_thread_in_Java, id=7880, stack(0x0000000018280000,0x0000000018380000)]
  0x0000000018f56000 JavaThread "Cancel handler" [_thread_blocked, id=5704, stack(0x0000000018180000,0x0000000018280000)]
  0x000000001907a000 JavaThread "Handler for socket connection from /127.0.0.1:58533 to /127.0.0.1:59761" [_thread_in_native, id=1664, stack(0x0000000018080000,0x0000000018180000)]
  0x0000000015ddc800 JavaThread "Daemon Thread 4" [_thread_blocked, id=4856, stack(0x0000000017f80000,0x0000000018080000)]
  0x00000000167b2000 JavaThread "File lock request listener" [_thread_in_native, id=5924, stack(0x0000000018a80000,0x0000000018b80000)]
  0x0000000015e0c000 JavaThread "Incoming local TCP Connector on port 58533" [_thread_in_native, id=4824, stack(0x00000000164e0000,0x00000000165e0000)]
  0x00000000145f6000 JavaThread "Service Thread" daemon [_thread_blocked, id=1820, stack(0x00000000156e0000,0x00000000157e0000)]
  0x00000000145f2800 JavaThread "C1 CompilerThread1" daemon [_thread_blocked, id=3756, stack(0x00000000155e0000,0x00000000156e0000)]
  0x0000000014594800 JavaThread "C2 CompilerThread0" daemon [_thread_blocked, id=6640, stack(0x00000000154e0000,0x00000000155e0000)]
  0x00000000145a4000 JavaThread "Attach Listener" daemon [_thread_blocked, id=6960, stack(0x00000000153e0000,0x00000000154e0000)]
  0x00000000145a1000 JavaThread "Signal Dispatcher" daemon [_thread_blocked, id=5208, stack(0x00000000152e0000,0x00000000153e0000)]
  0x0000000002043800 JavaThread "Finalizer" daemon [_thread_blocked, id=4796, stack(0x00000000151e0000,0x00000000152e0000)]
  0x000000000203b000 JavaThread "Reference Handler" daemon [_thread_blocked, id=5664, stack(0x00000000150e0000,0x00000000151e0000)]
  0x000000000210e000 JavaThread "main" [_thread_blocked, id=6452, stack(0x0000000001e20000,0x0000000001f20000)]

Other Threads:
  0x0000000014565800 VMThread [stack: 0x0000000014fe0000,0x00000000150e0000] [id=6844]
  0x00000000145f7000 WatcherThread [stack: 0x00000000157e0000,0x00000000158e0000] [id=4616]

VM state:synchronizing (normal execution)

VM Mutex/Monitor currently owned by a thread:  ([mutex/lock_event])
[0x000000000210db60] Safepoint_lock - owner thread: 0x0000000014565800
[0x000000000210ce60] Threads_lock - owner thread: 0x0000000014565800

Heap:
 PSYoungGen      total 304640K, used 45192K [0x00000000eab00000, 0x0000000100000000, 0x0000000100000000)
  eden space 286208K, 11% used [0x00000000eab00000,0x00000000ecb25a68,0x00000000fc280000)
  from space 18432K, 66% used [0x00000000fd500000,0x00000000fe0fc658,0x00000000fe700000)
  to   space 18944K, 0% used [0x00000000fc280000,0x00000000fc280000,0x00000000fd500000)
 ParOldGen       total 75264K, used 51646K [0x00000000c0000000, 0x00000000c4980000, 0x00000000eab00000)
  object space 75264K, 68% used [0x00000000c0000000,0x00000000c326f998,0x00000000c4980000)
 Metaspace       used 57698K, capacity 60620K, committed 61568K, reserved 1101824K
  class space    used 7797K, capacity 8860K, committed 9088K, reserved 1048576K

Card table byte_map: [0x00000000114d0000,0x00000000116e0000] byte_map_base: 0x0000000010ed0000

Marking Bits: (ParMarkBitMap*) 0x0000000066a64040
 Begin Bits: [0x0000000011a40000, 0x0000000012a40000)
 End Bits:   [0x0000000012a40000, 0x0000000013a40000)

Polling page: 0x00000000005b0000

CodeCache: size=245760Kb used=25135Kb max_used=25135Kb free=220624Kb
 bounds [0x0000000002110000, 0x00000000039d0000, 0x0000000011110000]
 total_blobs=7249 nmethods=6525 adapters=636
 compilation: enabled

Compilation events (10 events):
Event: 211206.806 Thread 0x00000000145f2800 7897       3       org.codehaus.groovy.reflection.ClassLoaderForClassArtifacts::createClassName (131 bytes)
Event: 211206.811 Thread 0x00000000145f2800 nmethod 7897 0x00000000039824d0 code [0x0000000003982820, 0x0000000003984788]
Event: 211206.812 Thread 0x00000000145f2800 7898       3       org.codehaus.groovy.runtime.callsite.CallSiteGenerator::genConstructor (101 bytes)
Event: 211206.814 Thread 0x00000000145f2800 nmethod 7898 0x00000000034fb5d0 code [0x00000000034fb800, 0x00000000034fbfa8]
Event: 211206.815 Thread 0x00000000145f2800 7899   !   3       org.codehaus.groovy.reflection.ClassLoaderForClassArtifacts::defineClassAndGetConstructor (59 bytes)
Event: 211206.817 Thread 0x00000000145f2800 nmethod 7899 0x0000000002e2dd50 code [0x0000000002e2df60, 0x0000000002e2eb98]
Event: 211206.817 Thread 0x00000000145f2800 7900       3       org.codehaus.groovy.reflection.ClassLoaderForClassArtifacts$1::run (5 bytes)
Event: 211206.819 Thread 0x00000000145f2800 nmethod 7900 0x0000000002f89450 code [0x0000000002f89600, 0x0000000002f89d38]
Event: 211206.819 Thread 0x00000000145f2800 7901       3       java.lang.ClassLoader::resolveClass (6 bytes)
Event: 211206.820 Thread 0x00000000145f2800 nmethod 7901 0x0000000002db0690 code [0x0000000002db0800, 0x0000000002db0988]

GC Heap History (10 events):
Event: 210931.321 GC heap before
{Heap before GC invocations=19 (full 4):
 PSYoungGen      total 245248K, used 227840K [0x00000000eab00000, 0x00000000fac80000, 0x0000000100000000)
  eden space 227840K, 100% used [0x00000000eab00000,0x00000000f8980000,0x00000000f8980000)
  from space 17408K, 0% used [0x00000000f9b80000,0x00000000f9b80000,0x00000000fac80000)
  to   space 17920K, 0% used [0x00000000f8980000,0x00000000f8980000,0x00000000f9b00000)
 ParOldGen       total 75264K, used 54097K [0x00000000c0000000, 0x00000000c4980000, 0x00000000eab00000)
  object space 75264K, 71% used [0x00000000c0000000,0x00000000c34d47f0,0x00000000c4980000)
 Metaspace       used 51293K, capacity 53832K, committed 54144K, reserved 1095680K
  class space    used 7039K, capacity 8007K, committed 8064K, reserved 1048576K
Event: 210931.438 GC heap after
Heap after GC invocations=19 (full 4):
 PSYoungGen      total 245760K, used 2256K [0x00000000eab00000, 0x00000000fec00000, 0x0000000100000000)
  eden space 227840K, 0% used [0x00000000eab00000,0x00000000eab00000,0x00000000f8980000)
  from space 17920K, 12% used [0x00000000f8980000,0x00000000f8bb4030,0x00000000f9b00000)
  to   space 17920K, 0% used [0x00000000fda80000,0x00000000fda80000,0x00000000fec00000)
 ParOldGen       total 75264K, used 54097K [0x00000000c0000000, 0x00000000c4980000, 0x00000000eab00000)
  object space 75264K, 71% used [0x00000000c0000000,0x00000000c34d47f0,0x00000000c4980000)
 Metaspace       used 51293K, capacity 53832K, committed 54144K, reserved 1095680K
  class space    used 7039K, capacity 8007K, committed 8064K, reserved 1048576K
}
Event: 210939.465 GC heap before
{Heap before GC invocations=20 (full 4):
 PSYoungGen      total 245760K, used 230096K [0x00000000eab00000, 0x00000000fec00000, 0x0000000100000000)
  eden space 227840K, 100% used [0x00000000eab00000,0x00000000f8980000,0x00000000f8980000)
  from space 17920K, 12% used [0x00000000f8980000,0x00000000f8bb4030,0x00000000f9b00000)
  to   space 17920K, 0% used [0x00000000fda80000,0x00000000fda80000,0x00000000fec00000)
 ParOldGen       total 75264K, used 54097K [0x00000000c0000000, 0x00000000c4980000, 0x00000000eab00000)
  object space 75264K, 71% used [0x00000000c0000000,0x00000000c34d47f0,0x00000000c4980000)
 Metaspace       used 51484K, capacity 54252K, committed 54528K, reserved 1095680K
  class space    used 7053K, capacity 8075K, committed 8192K, reserved 1048576K
Event: 210939.499 GC heap after
Heap after GC invocations=20 (full 4):
 PSYoungGen      total 297472K, used 3600K [0x00000000eab00000, 0x00000000fe500000, 0x0000000100000000)
  eden space 286720K, 0% used [0x00000000eab00000,0x00000000eab00000,0x00000000fc300000)
  from space 10752K, 33% used [0x00000000fda80000,0x00000000fde04070,0x00000000fe500000)
  to   space 17408K, 0% used [0x00000000fc300000,0x00000000fc300000,0x00000000fd400000)
 ParOldGen       total 75264K, used 54105K [0x00000000c0000000, 0x00000000c4980000, 0x00000000eab00000)
  object space 75264K, 71% used [0x00000000c0000000,0x00000000c34d67f0,0x00000000c4980000)
 Metaspace       used 51484K, capacity 54252K, committed 54528K, reserved 1095680K
  class space    used 7053K, capacity 8075K, committed 8192K, reserved 1048576K
}
Event: 210950.697 GC heap before
{Heap before GC invocations=21 (full 4):
 PSYoungGen      total 297472K, used 165710K [0x00000000eab00000, 0x00000000fe500000, 0x0000000100000000)
  eden space 286720K, 56% used [0x00000000eab00000,0x00000000f494f860,0x00000000fc300000)
  from space 10752K, 33% used [0x00000000fda80000,0x00000000fde04070,0x00000000fe500000)
  to   space 17408K, 0% used [0x00000000fc300000,0x00000000fc300000,0x00000000fd400000)
 ParOldGen       total 75264K, used 54105K [0x00000000c0000000, 0x00000000c4980000, 0x00000000eab00000)
  object space 75264K, 71% used [0x00000000c0000000,0x00000000c34d67f0,0x00000000c4980000)
 Metaspace       used 56131K, capacity 59262K, committed 59392K, reserved 1099776K
  class space    used 7703K, capacity 8870K, committed 8960K, reserved 1048576K
Event: 210950.762 GC heap after
Heap after GC invocations=21 (full 4):
 PSYoungGen      total 304128K, used 11663K [0x00000000eab00000, 0x00000000fe700000, 0x0000000100000000)
  eden space 286720K, 0% used [0x00000000eab00000,0x00000000eab00000,0x00000000fc300000)
  from space 17408K, 67% used [0x00000000fc300000,0x00000000fce63ee0,0x00000000fd400000)
  to   space 18432K, 0% used [0x00000000fd500000,0x00000000fd500000,0x00000000fe700000)
 ParOldGen       total 75264K, used 54113K [0x00000000c0000000, 0x00000000c4980000, 0x00000000eab00000)
  object space 75264K, 71% used [0x00000000c0000000,0x00000000c34d87f0,0x00000000c4980000)
 Metaspace       used 56131K, capacity 59262K, committed 59392K, reserved 1099776K
  class space    used 7703K, capacity 8870K, committed 8960K, reserved 1048576K
}
Event: 210950.763 GC heap before
{Heap before GC invocations=22 (full 5):
 PSYoungGen      total 304128K, used 11663K [0x00000000eab00000, 0x00000000fe700000, 0x0000000100000000)
  eden space 286720K, 0% used [0x00000000eab00000,0x00000000eab00000,0x00000000fc300000)
  from space 17408K, 67% used [0x00000000fc300000,0x00000000fce63ee0,0x00000000fd400000)
  to   space 18432K, 0% used [0x00000000fd500000,0x00000000fd500000,0x00000000fe700000)
 ParOldGen       total 75264K, used 54113K [0x00000000c0000000, 0x00000000c4980000, 0x00000000eab00000)
  object space 75264K, 71% used [0x00000000c0000000,0x00000000c34d87f0,0x00000000c4980000)
 Metaspace       used 56131K, capacity 59262K, committed 59392K, reserved 1099776K
  class space    used 7703K, capacity 8870K, committed 8960K, reserved 1048576K
Event: 210952.643 GC heap after
Heap after GC invocations=22 (full 5):
 PSYoungGen      total 304128K, used 0K [0x00000000eab00000, 0x00000000fe700000, 0x0000000100000000)
  eden space 286720K, 0% used [0x00000000eab00000,0x00000000eab00000,0x00000000fc300000)
  from space 17408K, 0% used [0x00000000fc300000,0x00000000fc300000,0x00000000fd400000)
  to   space 18432K, 0% used [0x00000000fd500000,0x00000000fd500000,0x00000000fe700000)
 ParOldGen       total 75264K, used 51638K [0x00000000c0000000, 0x00000000c4980000, 0x00000000eab00000)
  object space 75264K, 68% used [0x00000000c0000000,0x00000000c326d998,0x00000000c4980000)
 Metaspace       used 54690K, capacity 56674K, committed 59392K, reserved 1099776K
  class space    used 7335K, capacity 8079K, committed 8960K, reserved 1048576K
}
Event: 211204.072 GC heap before
{Heap before GC invocations=23 (full 5):
 PSYoungGen      total 304128K, used 286720K [0x00000000eab00000, 0x00000000fe700000, 0x0000000100000000)
  eden space 286720K, 100% used [0x00000000eab00000,0x00000000fc300000,0x00000000fc300000)
  from space 17408K, 0% used [0x00000000fc300000,0x00000000fc300000,0x00000000fd400000)
  to   space 18432K, 0% used [0x00000000fd500000,0x00000000fd500000,0x00000000fe700000)
 ParOldGen       total 75264K, used 51638K [0x00000000c0000000, 0x00000000c4980000, 0x00000000eab00000)
  object space 75264K, 68% used [0x00000000c0000000,0x00000000c326d998,0x00000000c4980000)
 Metaspace       used 57104K, capacity 59892K, committed 60928K, reserved 1101824K
  class space    used 7668K, capacity 8666K, committed 8960K, reserved 1048576K
Event: 211204.212 GC heap after
Heap after GC invocations=23 (full 5):
 PSYoungGen      total 304640K, used 12273K [0x00000000eab00000, 0x0000000100000000, 0x0000000100000000)
  eden space 286208K, 0% used [0x00000000eab00000,0x00000000eab00000,0x00000000fc280000)
  from space 18432K, 66% used [0x00000000fd500000,0x00000000fe0fc658,0x00000000fe700000)
  to   space 18944K, 0% used [0x00000000fc280000,0x00000000fc280000,0x00000000fd500000)
 ParOldGen       total 75264K, used 51646K [0x00000000c0000000, 0x00000000c4980000, 0x00000000eab00000)
  object space 75264K, 68% used [0x00000000c0000000,0x00000000c326f998,0x00000000c4980000)
 Metaspace       used 57104K, capacity 59892K, committed 60928K, reserved 1101824K
  class space    used 7668K, capacity 8666K, committed 8960K, reserved 1048576K
}

Deoptimization events (10 events):
Event: 211023.724 Thread 0x0000000015ddc800 Uncommon trap: reason=unstable_if action=reinterpret pc=0x00000000023c64bc method=java.io.ObjectOutputStream$BlockDataOutputStream.writeBytes(Ljava/lang/String;)V @ 22
Event: 211193.511 Thread 0x0000000015b95000 Uncommon trap: reason=array_check action=maybe_recompile pc=0x00000000023169a0 method=java.util.TimSort.binarySort([Ljava/lang/Object;IIILjava/util/Comparator;)V @ 183
Event: 211199.454 Thread 0x0000000015b95000 Uncommon trap: reason=class_check action=maybe_recompile pc=0x00000000035931c8 method=org.gradle.api.internal.file.pattern.PatternMatcherFactory$PathMatcherBackedSpec.isSatisfiedBy(Lorg/gradle/api/file/RelativePath;)Z @ 23
Event: 211199.456 Thread 0x0000000015b95000 Uncommon trap: reason=class_check action=maybe_recompile pc=0x00000000035931c8 method=org.gradle.api.internal.file.pattern.PatternMatcherFactory$PathMatcherBackedSpec.isSatisfiedBy(Lorg/gradle/api/file/RelativePath;)Z @ 23
Event: 211199.907 Thread 0x0000000015b95000 Uncommon trap: reason=class_check action=maybe_recompile pc=0x00000000035931c8 method=org.gradle.api.internal.file.pattern.PatternMatcherFactory$PathMatcherBackedSpec.isSatisfiedBy(Lorg/gradle/api/file/RelativePath;)Z @ 23
Event: 211199.909 Thread 0x0000000015b95000 Uncommon trap: reason=class_check action=maybe_recompile pc=0x00000000035931c8 method=org.gradle.api.internal.file.pattern.PatternMatcherFactory$PathMatcherBackedSpec.isSatisfiedBy(Lorg/gradle/api/file/RelativePath;)Z @ 23
Event: 211200.601 Thread 0x0000000015b95000 Uncommon trap: reason=array_check action=maybe_recompile pc=0x00000000023168d8 method=java.util.TimSort.binarySort([Ljava/lang/Object;IIILjava/util/Comparator;)V @ 193
Event: 211200.601 Thread 0x0000000015b95000 Uncommon trap: reason=array_check action=maybe_recompile pc=0x0000000002316814 method=java.util.TimSort.binarySort([Ljava/lang/Object;IIILjava/util/Comparator;)V @ 215
Event: 211200.601 Thread 0x0000000015b95000 Uncommon trap: reason=array_check action=maybe_recompile pc=0x00000000023169a0 method=java.util.TimSort.binarySort([Ljava/lang/Object;IIILjava/util/Comparator;)V @ 183
Event: 211205.709 Thread 0x0000000015b95000 Uncommon trap: reason=unstable_if action=reinterpret pc=0x00000000030afa94 method=org.gradle.api.internal.project.taskfactory.AnnotationProcessingTaskFactory.isGetter(Ljava/lang/reflect/Method;)Z @ 44

Internal exceptions (10 events):
Event: 211206.339 Thread 0x0000000015b95000 Exception <a 'java/lang/ClassNotFoundException': com/android/build/gradle/internal/tasks/InstallVariantTask$ConfigActionBeanInfo> (0x00000000ec6a55d8) thrown at [C:\re\workspace\8-2-build-windows-amd64-cygwin\jdk8u51\3951\hotspot\src\share\vm\classfile\sys/ë’¼2È	A
Event: 211206.342 Thread 0x0000000015b95000 Exception <a 'java/lang/ClassNotFoundException': com/android/build/gradle/internal/tasks/InstallVariantTask$ConfigActionCustomizer> (0x00000000ec6b7630) thrown at [C:\re\workspace\8-2-build-windows-amd64-cygwin\jdk8u51\3951\hotspot\src\share\vm\classfile\sW9Å$3È	A
Event: 211206.393 Thread 0x0000000015b95000 Exception <a 'java/lang/ClassNotFoundException': com/android/build/gradle/internal/tasks/InstallVariantTask_DecoratedBeanInfo> (0x00000000ec7a3918) thrown at [C:\re\workspace\8-2-build-windows-amd64-cygwin\jdk8u51\3951\hotspot\src\share\vm\classfile\system\L4È	A
Event: 211206.514 Thread 0x0000000015b95000 Exception <a 'java/lang/ClassNotFoundException': com/android/build/gradle/internal/tasks/InstallVariantTaskBeanInfo> (0x00000000ec7b2858) thrown at [C:\re\workspace\8-2-build-windows-amd64-cygwin\jdk8u51\3951\hotspot\src\share\vm\classfile\systemDictionaryùï‹4È	A
Event: 211206.515 Thread 0x0000000015b95000 Exception <a 'java/lang/ClassNotFoundException': com/android/build/gradle/internal/tasks/InstallVariantTaskCustomizer> (0x00000000ec7c1fb8) thrown at [C:\re\workspace\8-2-build-windows-amd64-cygwin\jdk8u51\3951\hotspot\src\share\vm\classfile\systemDictiona&ãÚ'4È	A
Event: 211206.519 Thread 0x0000000015b95000 Exception <a 'java/lang/ClassNotFoundException': com/android/build/gradle/internal/tasks/InstallVariantTask_DecoratedCustomizer> (0x00000000ec829428) thrown at [C:\re\workspace\8-2-build-windows-amd64-cygwin\jdk8u51\3951\hotspot\src\share\vm\classfile\systp6Øž6È	A
Event: 211206.828 Thread 0x0000000015b95000 Exception <a 'java/lang/ClassNotFoundException': com/android/build/gradle/internal/dsl/AdbOptions_DecoratedBeanInfo> (0x00000000ec9aea78) thrown at [C:\re\workspace\8-2-build-windows-amd64-cygwin\jdk8u51\3951\hotspot\src\share\vm\classfile\systemDictionaryW¤6È	A
Event: 211206.830 Thread 0x0000000015b95000 Exception <a 'java/lang/ClassNotFoundException': com/android/build/gradle/internal/dsl/AdbOptionsBeanInfo> (0x00000000ec9bbe18) thrown at [C:\re\workspace\8-2-build-windows-amd64-cygwin\jdk8u51\3951\hotspot\src\share\vm\classfile\systemDictionary.cpp, line
Event: 211206.831 Thread 0x0000000015b95000 Exception <a 'java/lang/ClassNotFoundException': com/android/build/gradle/internal/dsl/AdbOptionsCustomizer> (0x00000000ec9c91b0) thrown at [C:\re\workspace\8-2-build-windows-amd64-cygwin\jdk8u51\3951\hotspot\src\share\vm\classfile\systemDictionary.cpp, li«Ì«6È	A
Event: 211206.834 Thread 0x0000000015b95000 Exception <a 'java/lang/ClassNotFoundException': com/android/build/gradle/internal/dsl/AdbOptions_DecoratedCustomizer> (0x00000000ec9e1850) thrown at [C:\re\workspace\8-2-build-windows-amd64-cygwin\jdk8u51\3951\hotspot\src\share\vm\classfile\systemDictionaˆÛ„¶2È	A

Events (10 events):
Event: 211206.831 loading class com/android/build/gradle/internal/dsl/AdbOptionsCustomizer
Event: 211206.831 loading class com/android/build/gradle/internal/dsl/AdbOptionsCustomizer done
Event: 211206.831 loading class com/android/build/gradle/internal/dsl/AdbOptionsCustomizer
Event: 211206.831 loading class com/android/build/gradle/internal/dsl/AdbOptionsCustomizer done
Event: 211206.833 loading class com/android/build/gradle/internal/dsl/AdbOptions_DecoratedCustomizer
Event: 211206.833 loading class com/android/build/gradle/internal/dsl/AdbOptions_DecoratedCustomizer done
Event: 211206.833 loading class com/android/build/gradle/internal/dsl/AdbOptions_DecoratedCustomizer
Event: 211206.833 loading class com/android/build/gradle/internal/dsl/AdbOptions_DecoratedCustomizer done
Event: 211206.844 loading class groovy/runtime/metaclass/com/android/builder/core/AndroidBuilderMetaClass
Event: 211206.844 loading class groovy/runtime/metaclass/com/android/builder/core/AndroidBuilderMetaClass done


Dynamic libraries:
0x00007ff7fa110000 - 0x00007ff7fa147000 	C:\Program Files\Java\jdk1.8.0_51\bin\java.exe
0x00007ffba40d0000 - 0x00007ffba427c000 	C:\Windows\SYSTEM32\ntdll.dll
0x00007ffba3d70000 - 0x00007ffba3eae000 	C:\Windows\system32\KERNEL32.DLL
0x00007ffba1350000 - 0x00007ffba1465000 	C:\Windows\system32\KERNELBASE.dll
0x00007ffb9fdd0000 - 0x00007ffb9fe5e000 	C:\Windows\system32\apphelp.dll
0x00007ffb8d570000 - 0x00007ffb8d5c3000 	C:\Windows\AppPatch\AppPatch64\AcGenral.DLL
0x00007ffba3640000 - 0x00007ffba36ea000 	C:\Windows\system32\msvcrt.dll
0x00007ffba1060000 - 0x00007ffba108e000 	C:\Windows\SYSTEM32\SspiCli.dll
0x00007ffba38b0000 - 0x00007ffba3904000 	C:\Windows\system32\SHLWAPI.dll
0x00007ffba1900000 - 0x00007ffba1a77000 	C:\Windows\system32\USER32.dll
0x00007ffba1760000 - 0x00007ffba18f4000 	C:\Windows\system32\ole32.dll
0x00007ffba1bc0000 - 0x00007ffba30d8000 	C:\Windows\system32\SHELL32.dll
0x00007ffba07d0000 - 0x00007ffba07f1000 	C:\Windows\SYSTEM32\USERENV.dll
0x00007ffba3970000 - 0x00007ffba3a1a000 	C:\Windows\system32\ADVAPI32.dll
0x00007ffb94310000 - 0x00007ffb9432e000 	C:\Windows\SYSTEM32\MPR.dll
0x00007ffba3760000 - 0x00007ffba38a1000 	C:\Windows\system32\RPCRT4.dll
0x00007ffba3910000 - 0x00007ffba3969000 	C:\Windows\SYSTEM32\sechost.dll
0x00007ffba3eb0000 - 0x00007ffba40c1000 	C:\Windows\SYSTEM32\combase.dll
0x00007ffba3a60000 - 0x00007ffba3bb0000 	C:\Windows\system32\GDI32.dll
0x00007ffba1230000 - 0x00007ffba1245000 	C:\Windows\SYSTEM32\profapi.dll
0x00007ffb9fa60000 - 0x00007ffb9fb12000 	C:\Windows\SYSTEM32\SHCORE.dll
0x00007ffba3a20000 - 0x00007ffba3a56000 	C:\Windows\system32\IMM32.DLL
0x00007ffba32e0000 - 0x00007ffba3431000 	C:\Windows\system32\MSCTF.dll
0x00007ffb9f5e0000 - 0x00007ffb9f85a000 	C:\Windows\WinSxS\amd64_microsoft.windows.common-controls_6595b64144ccf1df_6.0.9600.17810_none_6240b9c7ecbd0bda\COMCTL32.dll
0x0000000065280000 - 0x0000000065352000 	C:\Program Files\Java\jdk1.8.0_51\jre\bin\msvcr100.dll
0x0000000066260000 - 0x0000000066ae3000 	C:\Program Files\Java\jdk1.8.0_51\jre\bin\server\jvm.dll
0x00007ffb8f8d0000 - 0x00007ffb8f8d9000 	C:\Windows\SYSTEM32\WSOCK32.dll
0x00007ffb9e660000 - 0x00007ffb9e682000 	C:\Windows\SYSTEM32\WINMM.dll
0x00007ffb9e6c0000 - 0x00007ffb9e6ca000 	C:\Windows\SYSTEM32\VERSION.dll
0x00007ffba1ae0000 - 0x00007ffba1ae7000 	C:\Windows\system32\PSAPI.DLL
0x00007ffba1a80000 - 0x00007ffba1ada000 	C:\Windows\system32\WS2_32.dll
0x00007ffb9e5a0000 - 0x00007ffb9e5ca000 	C:\Windows\SYSTEM32\WINMMBASE.dll
0x00007ffba3d60000 - 0x00007ffba3d69000 	C:\Windows\system32\NSI.dll
0x00007ffba1300000 - 0x00007ffba134f000 	C:\Windows\SYSTEM32\cfgmgr32.dll
0x00007ffba0030000 - 0x00007ffba0058000 	C:\Windows\SYSTEM32\DEVOBJ.dll
0x0000000066b80000 - 0x0000000066b8f000 	C:\Program Files\Java\jdk1.8.0_51\jre\bin\verify.dll
0x0000000066b50000 - 0x0000000066b79000 	C:\Program Files\Java\jdk1.8.0_51\jre\bin\java.dll
0x0000000066b30000 - 0x0000000066b46000 	C:\Program Files\Java\jdk1.8.0_51\jre\bin\zip.dll
0x0000000066240000 - 0x000000006625a000 	C:\Program Files\Java\jdk1.8.0_51\jre\bin\net.dll
0x00007ffba0a40000 - 0x00007ffba0a99000 	C:\Windows\system32\mswsock.dll
0x0000000066220000 - 0x0000000066231000 	C:\Program Files\Java\jdk1.8.0_51\jre\bin\nio.dll
0x00007ffb8fd20000 - 0x00007ffb8fd32000 	C:\Users\Carlos\.gradle\native\19\windows-amd64\native-platform.dll
0x00007ffb9c090000 - 0x00007ffb9c0ba000 	C:\Windows\SYSTEM32\IPHLPAPI.DLL
0x00007ffb9c060000 - 0x00007ffb9c06a000 	C:\Windows\SYSTEM32\WINNSI.DLL
0x00007ffb9bd70000 - 0x00007ffb9bd86000 	C:\Windows\SYSTEM32\dhcpcsvc6.DLL
0x00007ffb9bd00000 - 0x00007ffb9bd1a000 	C:\Windows\SYSTEM32\dhcpcsvc.DLL
0x00007ffba0aa0000 - 0x00007ffba0ac0000 	C:\Windows\SYSTEM32\CRYPTSP.dll
0x00007ffba06c0000 - 0x00007ffba06f6000 	C:\Windows\system32\rsaenh.dll
0x00007ffba0d50000 - 0x00007ffba0d76000 	C:\Windows\SYSTEM32\bcrypt.dll
0x00007ffba1090000 - 0x00007ffba10f3000 	C:\Windows\system32\bcryptprimitives.dll
0x00007ffba1100000 - 0x00007ffba110b000 	C:\Windows\SYSTEM32\CRYPTBASE.dll
0x0000000066b20000 - 0x0000000066b2d000 	C:\Program Files\Java\jdk1.8.0_51\jre\bin\management.dll
0x00007ffb8f960000 - 0x00007ffb8faea000 	C:\Windows\SYSTEM32\dbghelp.dll

VM Arguments:
jvm_args: -XX:MaxPermSize=256m -XX:+HeapDumpOnOutOfMemoryError -Xmx1024m -Dfile.encoding=windows-1252 -Duser.country=CO -Duser.language=es -Duser.variant 
java_command: org.gradle.launcher.daemon.bootstrap.GradleDaemon 2.4 C:\Users\Carlos\.gradle C:\Users\Carlos\.gradle\daemon 10800000 18f862aa-4a20-45ec-acad-39a2a0e48f31 -XX:MaxPermSize=256m -XX:+HeapDumpOnOutOfMemoryError -Xmx1024m -Dfile.encoding=windows-1252 -Duser.country=CO -Duser.language=es -Duser.variant
java_class_path (initial): C:\Program Files\Android\Android Studio\gradle\gradle-2.4\lib\gradle-launcher-2.4.jar
Launcher Type: SUN_STANDARD

Environment Variables:
PATH=C:\ProgramData\Oracle\Java\javapath;C:\Windows\system32;C:\Windows;C:\Windows\System32\Wbem;C:\Windows\System32\WindowsPowerShell\v1.0\;C:\Program Files (x86)\AMD\ATI.ACE\Core-Static;C:\Program Files\Microsoft DNX\Dnvm\;C:\Program Files\Microsoft SQL Server\120\Tools\Binn\;C:\Program Files (x86)\Windows Kits\10\Windows Performance Toolkit\;C:\Program Files (x86)\MySQL\MySQL Fabric 1.5.4 & MySQL Utilities 1.5.4 1.5\;C:\Program Files (x86)\MySQL\MySQL Fabric 1.5.4 & MySQL Utilities 1.5.4 1.5\Doctrine extensions for PHP\;C:\Program Files (x86)\Skype\Phone\;C:\Users\Carlos\.dnx\bin
USERNAME=Carlos
OS=Windows_NT
PROCESSOR_IDENTIFIER=AMD64 Family 20 Model 1 Stepping 0, AuthenticAMD



---------------  S Y S T E M  ---------------

OS: Windows 8.1 , 64 bit Build 9600 (6.3.9600.17415)

CPU:total 2 (2 cores per cpu, 1 threads per core) family 20 model 1 stepping 0, cmov, cx8, fxsr, mmx, sse, sse2, sse3, ssse3, popcnt, mmxext, lzcnt, sse4a, tsc, tscinvbit, tscinv

Memory: 4k page, physical 5875608k(1781048k free), swap 11904920k(6510680k free)

vm_info: Java HotSpot(TM) 64-Bit Server VM (25.51-b03) for windows-amd64 JRE (1.8.0_51-b16), built on Jun  8 2015 18:03:07 by "java_re" with MS VC++ 10.0 (VS2010)

time: Sat Nov 28 06:36:34 2015
elapsed time: 211208 seconds (2d 10h 40m 8s)

